<?xml version="1.0" encoding="UTF-8"?>
<!-- Generated by org.testng.reporters.JUnitXMLReporter -->
<testsuite ignored="1" hostname="DESKTOP-H8DBM2L" failures="0" tests="3" name="Default test" time="0.216" errors="0" timestamp="2023-03-02T19:37:04 IST">
  <testcase classname="TestNG.FBcrome" name="@BeforeTest launchBrowser" time="-1.677766023984E9">
    <failure type="org.testng.TestNGException" message="
Parameter &amp;apos;browser&amp;apos; is required by BeforeTest on method launchBrowser but has not been marked @Optional or defined
in C:\Users\admin\AppData\Local\Temp\testng-eclipse--507408351\testng-customsuite.xml">
      <![CDATA[org.testng.TestNGException: 
Parameter 'browser' is required by BeforeTest on method launchBrowser but has not been marked @Optional or defined
in C:\Users\admin\AppData\Local\Temp\testng-eclipse--507408351\testng-customsuite.xml
at org.testng.internal.Parameters.createParams(Parameters.java:270)
at org.testng.internal.Parameters.createParametersForMethod(Parameters.java:358)
at org.testng.internal.Parameters.createParameters(Parameters.java:700)
at org.testng.internal.Parameters.createConfigurationParameters(Parameters.java:168)
at org.testng.internal.ConfigInvoker.invokeConfigurations(ConfigInvoker.java:302)
at org.testng.TestRunner.invokeTestConfigurations(TestRunner.java:637)
at org.testng.TestRunner.beforeRun(TestRunner.java:627)
at org.testng.TestRunner.run(TestRunner.java:589)
at org.testng.SuiteRunner.runTest(SuiteRunner.java:377)
at org.testng.SuiteRunner.runSequentially(SuiteRunner.java:371)
at org.testng.SuiteRunner.privateRun(SuiteRunner.java:332)
at org.testng.SuiteRunner.run(SuiteRunner.java:276)
at org.testng.SuiteRunnerWorker.runSuite(SuiteRunnerWorker.java:53)
at org.testng.SuiteRunnerWorker.run(SuiteRunnerWorker.java:96)
at org.testng.TestNG.runSuitesSequentially(TestNG.java:1212)
at org.testng.TestNG.runSuitesLocally(TestNG.java:1134)
at org.testng.TestNG.runSuites(TestNG.java:1063)
at org.testng.TestNG.run(TestNG.java:1031)
at org.testng.remote.AbstractRemoteTestNG.run(AbstractRemoteTestNG.java:115)
at org.testng.remote.RemoteTestNG.initAndRun(RemoteTestNG.java:251)
at org.testng.remote.RemoteTestNG.main(RemoteTestNG.java:77)
]]>
    </failure>
  </testcase> <!-- @BeforeTest launchBrowser -->
  <testcase classname="TestNG.FBcrome" name="@BeforeClass test" time="-1.67776602405E9">
    <skipped/>
  </testcase> <!-- @BeforeClass test -->
  <testcase classname="TestNG.FBcrome" name="@BeforeMethod goToSignUpForm" time="-1.677766024089E9">
    <skipped/>
  </testcase> <!-- @BeforeMethod goToSignUpForm -->
  <testcase classname="TestNG.FBcrome" name="@AfterMethod closeChildBrowser" time="-1.677766024115E9">
    <skipped/>
  </testcase> <!-- @AfterMethod closeChildBrowser -->
  <testcase classname="TestNG.FBcrome" name="@BeforeMethod goToSignUpForm" time="-1.677766024121E9">
    <skipped/>
  </testcase> <!-- @BeforeMethod goToSignUpForm -->
  <testcase classname="TestNG.FBcrome" name="@AfterMethod closeChildBrowser" time="-1.677766024135E9">
    <skipped/>
  </testcase> <!-- @AfterMethod closeChildBrowser -->
  <testcase classname="TestNG.FBcrome" name="@BeforeMethod goToSignUpForm" time="-1.677766024139E9">
    <skipped/>
  </testcase> <!-- @BeforeMethod goToSignUpForm -->
  <testcase classname="TestNG.FBcrome" name="@AfterMethod closeChildBrowser" time="-1.677766024166E9">
    <skipped/>
  </testcase> <!-- @AfterMethod closeChildBrowser -->
  <testcase classname="TestNG.FBcrome" name="@AfterClass clearPOMObject" time="-1.677766024172E9">
    <skipped/>
  </testcase> <!-- @AfterClass clearPOMObject -->
  <testcase classname="TestNG.FBcrome" name="@AfterTest closeBrowser" time="-1.677766024185E9">
    <skipped/>
  </testcase> <!-- @AfterTest closeBrowser -->
  <testcase classname="TestNG.FBcrome" name="verifyPrivacyPolicyLink" time="0.0">
    <skipped/>
  </testcase> <!-- verifyPrivacyPolicyLink -->
  <testcase classname="TestNG.FBcrome" name="verifycookiesPolicyLink" time="0.0">
    <skipped/>
  </testcase> <!-- verifycookiesPolicyLink -->
  <testcase classname="TestNG.FBcrome" name="verifytermsLink" time="0.0">
    <skipped/>
  </testcase> <!-- verifytermsLink -->
  <testcase classname="TestNG.FBcrome" name="signIn" time="0.0">
    <ignored/>
  </testcase> <!-- signIn -->
</testsuite> <!-- Default test -->
